0 info it worked if it ends with ok
1 verbose cli [ '/Users/esilva/.nvm/versions/node/v4.8.4/bin/node',
1 verbose cli   '/Users/esilva/.nvm/versions/node/v4.8.4/bin/npm',
1 verbose cli   'run',
1 verbose cli   'dev:hot' ]
2 info using npm@2.15.11
3 info using node@v4.8.4
4 verbose run-script [ 'predev:hot', 'dev:hot', 'postdev:hot' ]
5 info predev:hot react-tdd-boilerplate@1.0.0
6 info dev:hot react-tdd-boilerplate@1.0.0
7 verbose unsafe-perm in lifecycle true
8 info react-tdd-boilerplate@1.0.0 Failed to exec dev:hot script
9 verbose stack Error: react-tdd-boilerplate@1.0.0 dev:hot: `webpack-dev-server --hot --inline --progress --colors --watch`
9 verbose stack Exit status 1
9 verbose stack     at EventEmitter.<anonymous> (/Users/esilva/.nvm/versions/node/v4.8.4/lib/node_modules/npm/lib/utils/lifecycle.js:217:16)
9 verbose stack     at emitTwo (events.js:87:13)
9 verbose stack     at EventEmitter.emit (events.js:172:7)
9 verbose stack     at ChildProcess.<anonymous> (/Users/esilva/.nvm/versions/node/v4.8.4/lib/node_modules/npm/lib/utils/spawn.js:24:14)
9 verbose stack     at emitTwo (events.js:87:13)
9 verbose stack     at ChildProcess.emit (events.js:172:7)
9 verbose stack     at maybeClose (internal/child_process.js:862:16)
9 verbose stack     at Process.ChildProcess._handle.onexit (internal/child_process.js:222:5)
10 verbose pkgid react-tdd-boilerplate@1.0.0
11 verbose cwd /Users/esilva/workspace/studies/react/react-tdd-boilerplate
12 error Darwin 17.3.0
13 error argv "/Users/esilva/.nvm/versions/node/v4.8.4/bin/node" "/Users/esilva/.nvm/versions/node/v4.8.4/bin/npm" "run" "dev:hot"
14 error node v4.8.4
15 error npm  v2.15.11
16 error code ELIFECYCLE
17 error react-tdd-boilerplate@1.0.0 dev:hot: `webpack-dev-server --hot --inline --progress --colors --watch`
17 error Exit status 1
18 error Failed at the react-tdd-boilerplate@1.0.0 dev:hot script 'webpack-dev-server --hot --inline --progress --colors --watch'.
18 error This is most likely a problem with the react-tdd-boilerplate package,
18 error not with npm itself.
18 error Tell the author that this fails on your system:
18 error     webpack-dev-server --hot --inline --progress --colors --watch
18 error You can get information on how to open an issue for this project with:
18 error     npm bugs react-tdd-boilerplate
18 error Or if that isn't available, you can get their info via:
18 error
18 error     npm owner ls react-tdd-boilerplate
18 error There is likely additional logging output above.
19 verbose exit [ 1, true ]
